{"/Users/sakshammishra/Hydromesh/backend/src/index.js": {"path":"/Users/sakshammishra/Hydromesh/backend/src/index.js","statementMap":{"0":{"start":{"line":1,"column":16},"end":{"line":1,"column":34}},"1":{"start":{"line":2,"column":13},"end":{"line":2,"column":28}},"2":{"start":{"line":3,"column":13},"end":{"line":3,"column":28}},"3":{"start":{"line":4,"column":15},"end":{"line":4,"column":32}},"4":{"start":{"line":5,"column":15},"end":{"line":5,"column":32}},"5":{"start":{"line":6,"column":18},"end":{"line":6,"column":47}},"6":{"start":{"line":7,"column":23},"end":{"line":7,"column":49}},"7":{"start":{"line":8,"column":22},"end":{"line":8,"column":50}},"8":{"start":{"line":11,"column":0},"end":{"line":11,"column":16}},"9":{"start":{"line":14,"column":12},"end":{"line":14,"column":21}},"10":{"start":{"line":15,"column":15},"end":{"line":15,"column":37}},"11":{"start":{"line":18,"column":0},"end":{"line":18,"column":18}},"12":{"start":{"line":21,"column":23},"end":{"line":23,"column":54}},"13":{"start":{"line":24,"column":0},"end":{"line":35,"column":4}},"14":{"start":{"line":27,"column":4},"end":{"line":31,"column":5}},"15":{"start":{"line":28,"column":6},"end":{"line":28,"column":27}},"16":{"start":{"line":30,"column":6},"end":{"line":30,"column":27}},"17":{"start":{"line":38,"column":0},"end":{"line":38,"column":40}},"18":{"start":{"line":41,"column":22},"end":{"line":47,"column":2}},"19":{"start":{"line":48,"column":0},"end":{"line":48,"column":32}},"20":{"start":{"line":51,"column":20},"end":{"line":57,"column":2}},"21":{"start":{"line":58,"column":0},"end":{"line":58,"column":40}},"22":{"start":{"line":59,"column":0},"end":{"line":59,"column":43}},"23":{"start":{"line":62,"column":0},"end":{"line":62,"column":19}},"24":{"start":{"line":65,"column":0},"end":{"line":65,"column":54}},"25":{"start":{"line":66,"column":0},"end":{"line":66,"column":60}},"26":{"start":{"line":69,"column":0},"end":{"line":69,"column":64}},"27":{"start":{"line":70,"column":0},"end":{"line":70,"column":60}},"28":{"start":{"line":71,"column":0},"end":{"line":71,"column":66}},"29":{"start":{"line":74,"column":0},"end":{"line":76,"column":3}},"30":{"start":{"line":75,"column":2},"end":{"line":75,"column":84}},"31":{"start":{"line":79,"column":0},"end":{"line":79,"column":50}},"32":{"start":{"line":82,"column":13},"end":{"line":82,"column":37}},"33":{"start":{"line":84,"column":0},"end":{"line":87,"column":3}},"34":{"start":{"line":85,"column":2},"end":{"line":85,"column":51}},"35":{"start":{"line":86,"column":2},"end":{"line":86,"column":14}},"36":{"start":{"line":89,"column":0},"end":{"line":89,"column":33}}},"fnMap":{"0":{"name":"(anonymous_0)","decl":{"start":{"line":25,"column":10},"end":{"line":25,"column":11}},"loc":{"start":{"line":25,"column":32},"end":{"line":32,"column":3}},"line":25},"1":{"name":"(anonymous_1)","decl":{"start":{"line":74,"column":23},"end":{"line":74,"column":24}},"loc":{"start":{"line":74,"column":37},"end":{"line":76,"column":1}},"line":74},"2":{"name":"(anonymous_2)","decl":{"start":{"line":84,"column":20},"end":{"line":84,"column":21}},"loc":{"start":{"line":84,"column":26},"end":{"line":87,"column":1}},"line":84}},"branchMap":{"0":{"loc":{"start":{"line":21,"column":23},"end":{"line":23,"column":54}},"type":"cond-expr","locations":[{"start":{"line":22,"column":4},"end":{"line":22,"column":39}},{"start":{"line":23,"column":4},"end":{"line":23,"column":54}}],"line":21},"1":{"loc":{"start":{"line":27,"column":4},"end":{"line":31,"column":5}},"type":"if","locations":[{"start":{"line":27,"column":4},"end":{"line":31,"column":5}},{"start":{"line":29,"column":11},"end":{"line":31,"column":5}}],"line":27},"2":{"loc":{"start":{"line":27,"column":8},"end":{"line":27,"column":50}},"type":"binary-expr","locations":[{"start":{"line":27,"column":8},"end":{"line":27,"column":15}},{"start":{"line":27,"column":19},"end":{"line":27,"column":50}}],"line":27},"3":{"loc":{"start":{"line":82,"column":13},"end":{"line":82,"column":37}},"type":"binary-expr","locations":[{"start":{"line":82,"column":13},"end":{"line":82,"column":29}},{"start":{"line":82,"column":33},"end":{"line":82,"column":37}}],"line":82}},"s":{"0":1,"1":1,"2":1,"3":1,"4":1,"5":1,"6":1,"7":1,"8":1,"9":1,"10":1,"11":1,"12":1,"13":1,"14":8,"15":8,"16":0,"17":1,"18":1,"19":1,"20":1,"21":1,"22":1,"23":1,"24":1,"25":1,"26":1,"27":1,"28":1,"29":1,"30":1,"31":1,"32":1,"33":1,"34":0,"35":0,"36":1},"f":{"0":8,"1":1,"2":0},"b":{"0":[0,1],"1":[8,0],"2":[8,0],"3":[1,0]},"_coverageSchema":"1a1c01bbd47fc00a2c39e90264f33305004495a9","hash":"f70648e8b6193c550c96482bb1e63c93adeb67bf"}
,"/Users/sakshammishra/Hydromesh/backend/src/config/database.js": {"path":"/Users/sakshammishra/Hydromesh/backend/src/config/database.js","statementMap":{"0":{"start":{"line":1,"column":17},"end":{"line":1,"column":30}},"1":{"start":{"line":2,"column":0},"end":{"line":2,"column":27}},"2":{"start":{"line":4,"column":25},"end":{"line":4,"column":49}},"3":{"start":{"line":6,"column":0},"end":{"line":9,"column":1}},"4":{"start":{"line":7,"column":2},"end":{"line":7,"column":55}},"5":{"start":{"line":8,"column":2},"end":{"line":8,"column":18}},"6":{"start":{"line":14,"column":23},"end":{"line":14,"column":53}},"7":{"start":{"line":15,"column":17},"end":{"line":15,"column":46}},"8":{"start":{"line":16,"column":19},"end":{"line":16,"column":48}},"9":{"start":{"line":17,"column":15},"end":{"line":17,"column":45}},"10":{"start":{"line":19,"column":19},"end":{"line":19,"column":40}},"11":{"start":{"line":20,"column":15},"end":{"line":20,"column":42}},"12":{"start":{"line":21,"column":19},"end":{"line":21,"column":67}},"13":{"start":{"line":23,"column":35},"end":{"line":23,"column":50}},"14":{"start":{"line":24,"column":26},"end":{"line":24,"column":45}},"15":{"start":{"line":25,"column":19},"end":{"line":25,"column":52}},"16":{"start":{"line":27,"column":2},"end":{"line":27,"column":90}},"17":{"start":{"line":30,"column":49},"end":{"line":30,"column":83}},"18":{"start":{"line":31,"column":0},"end":{"line":31,"column":72}},"19":{"start":{"line":33,"column":13},"end":{"line":40,"column":2}},"20":{"start":{"line":44,"column":18},"end":{"line":55,"column":1}},"21":{"start":{"line":45,"column":2},"end":{"line":54,"column":3}},"22":{"start":{"line":46,"column":19},"end":{"line":46,"column":39}},"23":{"start":{"line":47,"column":4},"end":{"line":47,"column":54}},"24":{"start":{"line":48,"column":4},"end":{"line":48,"column":21}},"25":{"start":{"line":50,"column":18},"end":{"line":50,"column":49}},"26":{"start":{"line":51,"column":4},"end":{"line":51,"column":83}},"27":{"start":{"line":52,"column":4},"end":{"line":52,"column":54}},"28":{"start":{"line":53,"column":4},"end":{"line":53,"column":52}},"29":{"start":{"line":53,"column":21},"end":{"line":53,"column":43}},"30":{"start":{"line":57,"column":14},"end":{"line":57,"column":56}},"31":{"start":{"line":57,"column":32},"end":{"line":57,"column":56}},"32":{"start":{"line":58,"column":0},"end":{"line":58,"column":44}}},"fnMap":{"0":{"name":"parsePostgresUrl","decl":{"start":{"line":13,"column":9},"end":{"line":13,"column":25}},"loc":{"start":{"line":13,"column":31},"end":{"line":28,"column":1}},"line":13},"1":{"name":"(anonymous_1)","decl":{"start":{"line":44,"column":18},"end":{"line":44,"column":19}},"loc":{"start":{"line":44,"column":41},"end":{"line":55,"column":1}},"line":44},"2":{"name":"(anonymous_2)","decl":{"start":{"line":53,"column":15},"end":{"line":53,"column":16}},"loc":{"start":{"line":53,"column":21},"end":{"line":53,"column":43}},"line":53},"3":{"name":"(anonymous_3)","decl":{"start":{"line":57,"column":14},"end":{"line":57,"column":15}},"loc":{"start":{"line":57,"column":32},"end":{"line":57,"column":56}},"line":57}},"branchMap":{"0":{"loc":{"start":{"line":6,"column":0},"end":{"line":9,"column":1}},"type":"if","locations":[{"start":{"line":6,"column":0},"end":{"line":9,"column":1}},{"start":{},"end":{}}],"line":6},"1":{"loc":{"start":{"line":27,"column":39},"end":{"line":27,"column":77}},"type":"cond-expr","locations":[{"start":{"line":27,"column":49},"end":{"line":27,"column":70}},{"start":{"line":27,"column":73},"end":{"line":27,"column":77}}],"line":27},"2":{"loc":{"start":{"line":44,"column":25},"end":{"line":44,"column":36}},"type":"default-arg","locations":[{"start":{"line":44,"column":35},"end":{"line":44,"column":36}}],"line":44}},"s":{"0":1,"1":1,"2":1,"3":1,"4":0,"5":0,"6":1,"7":1,"8":1,"9":1,"10":1,"11":1,"12":1,"13":1,"14":1,"15":1,"16":1,"17":1,"18":1,"19":1,"20":1,"21":0,"22":0,"23":0,"24":0,"25":0,"26":0,"27":0,"28":0,"29":0,"30":1,"31":2,"32":1},"f":{"0":1,"1":0,"2":0,"3":2},"b":{"0":[0,1],"1":[1,0],"2":[0]},"_coverageSchema":"1a1c01bbd47fc00a2c39e90264f33305004495a9","hash":"1a3bd2be1c9e83e1f1ca724ce9ca3a1d8e430bde"}
,"/Users/sakshammishra/Hydromesh/backend/src/config/socket.js": {"path":"/Users/sakshammishra/Hydromesh/backend/src/config/socket.js","statementMap":{"0":{"start":{"line":1,"column":19},"end":{"line":1,"column":39}},"1":{"start":{"line":5,"column":19},"end":{"line":38,"column":1}},"2":{"start":{"line":6,"column":2},"end":{"line":11,"column":5}},"3":{"start":{"line":13,"column":2},"end":{"line":35,"column":5}},"4":{"start":{"line":14,"column":4},"end":{"line":14,"column":46}},"5":{"start":{"line":17,"column":4},"end":{"line":20,"column":7}},"6":{"start":{"line":18,"column":6},"end":{"line":18,"column":24}},"7":{"start":{"line":19,"column":6},"end":{"line":19,"column":59}},"8":{"start":{"line":23,"column":4},"end":{"line":25,"column":7}},"9":{"start":{"line":24,"column":6},"end":{"line":24,"column":53}},"10":{"start":{"line":28,"column":4},"end":{"line":30,"column":7}},"11":{"start":{"line":29,"column":6},"end":{"line":29,"column":62}},"12":{"start":{"line":32,"column":4},"end":{"line":34,"column":7}},"13":{"start":{"line":33,"column":6},"end":{"line":33,"column":51}},"14":{"start":{"line":37,"column":2},"end":{"line":37,"column":12}},"15":{"start":{"line":40,"column":14},"end":{"line":40,"column":22}},"16":{"start":{"line":40,"column":20},"end":{"line":40,"column":22}},"17":{"start":{"line":42,"column":0},"end":{"line":42,"column":39}}},"fnMap":{"0":{"name":"(anonymous_0)","decl":{"start":{"line":5,"column":19},"end":{"line":5,"column":20}},"loc":{"start":{"line":5,"column":31},"end":{"line":38,"column":1}},"line":5},"1":{"name":"(anonymous_1)","decl":{"start":{"line":13,"column":22},"end":{"line":13,"column":23}},"loc":{"start":{"line":13,"column":34},"end":{"line":35,"column":3}},"line":13},"2":{"name":"(anonymous_2)","decl":{"start":{"line":17,"column":27},"end":{"line":17,"column":28}},"loc":{"start":{"line":17,"column":37},"end":{"line":20,"column":5}},"line":17},"3":{"name":"(anonymous_3)","decl":{"start":{"line":23,"column":35},"end":{"line":23,"column":36}},"loc":{"start":{"line":23,"column":45},"end":{"line":25,"column":5}},"line":23},"4":{"name":"(anonymous_4)","decl":{"start":{"line":28,"column":34},"end":{"line":28,"column":35}},"loc":{"start":{"line":28,"column":44},"end":{"line":30,"column":5}},"line":28},"5":{"name":"(anonymous_5)","decl":{"start":{"line":32,"column":28},"end":{"line":32,"column":29}},"loc":{"start":{"line":32,"column":34},"end":{"line":34,"column":5}},"line":32},"6":{"name":"(anonymous_6)","decl":{"start":{"line":40,"column":14},"end":{"line":40,"column":15}},"loc":{"start":{"line":40,"column":20},"end":{"line":40,"column":22}},"line":40}},"branchMap":{"0":{"loc":{"start":{"line":8,"column":14},"end":{"line":8,"column":51}},"type":"binary-expr","locations":[{"start":{"line":8,"column":14},"end":{"line":8,"column":44}},{"start":{"line":8,"column":48},"end":{"line":8,"column":51}}],"line":8}},"s":{"0":1,"1":1,"2":1,"3":1,"4":0,"5":0,"6":0,"7":0,"8":0,"9":0,"10":0,"11":0,"12":0,"13":0,"14":1,"15":1,"16":0,"17":1},"f":{"0":1,"1":0,"2":0,"3":0,"4":0,"5":0,"6":0},"b":{"0":[1,0]},"_coverageSchema":"1a1c01bbd47fc00a2c39e90264f33305004495a9","hash":"e8d26339447aaa4ce79f8ef3f44af545de5a1206"}
,"/Users/sakshammishra/Hydromesh/backend/src/controllers/auth.controller.js": {"path":"/Users/sakshammishra/Hydromesh/backend/src/controllers/auth.controller.js","statementMap":{"0":{"start":{"line":1,"column":12},"end":{"line":1,"column":35}},"1":{"start":{"line":2,"column":13},"end":{"line":2,"column":44}},"2":{"start":{"line":3,"column":29},"end":{"line":3,"column":57}},"3":{"start":{"line":5,"column":23},"end":{"line":85,"column":1}},"4":{"start":{"line":8,"column":4},"end":{"line":35,"column":5}},"5":{"start":{"line":9,"column":21},"end":{"line":9,"column":42}},"6":{"start":{"line":10,"column":6},"end":{"line":12,"column":7}},"7":{"start":{"line":11,"column":8},"end":{"line":11,"column":64}},"8":{"start":{"line":14,"column":53},"end":{"line":14,"column":61}},"9":{"start":{"line":17,"column":27},"end":{"line":17,"column":56}},"10":{"start":{"line":18,"column":6},"end":{"line":20,"column":7}},"11":{"start":{"line":19,"column":8},"end":{"line":19,"column":72}},"12":{"start":{"line":23,"column":19},"end":{"line":23,"column":76}},"13":{"start":{"line":26,"column":20},"end":{"line":30,"column":7}},"14":{"start":{"line":32,"column":6},"end":{"line":32,"column":44}},"15":{"start":{"line":34,"column":6},"end":{"line":34,"column":18}},"16":{"start":{"line":40,"column":4},"end":{"line":73,"column":5}},"17":{"start":{"line":41,"column":21},"end":{"line":41,"column":42}},"18":{"start":{"line":42,"column":6},"end":{"line":44,"column":7}},"19":{"start":{"line":43,"column":8},"end":{"line":43,"column":64}},"20":{"start":{"line":46,"column":34},"end":{"line":46,"column":42}},"21":{"start":{"line":49,"column":19},"end":{"line":49,"column":48}},"22":{"start":{"line":50,"column":6},"end":{"line":52,"column":7}},"23":{"start":{"line":51,"column":8},"end":{"line":51,"column":72}},"24":{"start":{"line":55,"column":22},"end":{"line":55,"column":72}},"25":{"start":{"line":56,"column":6},"end":{"line":58,"column":7}},"26":{"start":{"line":57,"column":8},"end":{"line":57,"column":72}},"27":{"start":{"line":61,"column":20},"end":{"line":65,"column":7}},"28":{"start":{"line":68,"column":6},"end":{"line":68,"column":27}},"29":{"start":{"line":70,"column":6},"end":{"line":70,"column":32}},"30":{"start":{"line":72,"column":6},"end":{"line":72,"column":18}},"31":{"start":{"line":78,"column":4},"end":{"line":83,"column":5}},"32":{"start":{"line":79,"column":19},"end":{"line":79,"column":55}},"33":{"start":{"line":80,"column":6},"end":{"line":80,"column":21}},"34":{"start":{"line":82,"column":6},"end":{"line":82,"column":18}},"35":{"start":{"line":87,"column":0},"end":{"line":87,"column":32}}},"fnMap":{"0":{"name":"(anonymous_0)","decl":{"start":{"line":7,"column":2},"end":{"line":7,"column":3}},"loc":{"start":{"line":7,"column":33},"end":{"line":36,"column":3}},"line":7},"1":{"name":"(anonymous_1)","decl":{"start":{"line":39,"column":2},"end":{"line":39,"column":3}},"loc":{"start":{"line":39,"column":30},"end":{"line":74,"column":3}},"line":39},"2":{"name":"(anonymous_2)","decl":{"start":{"line":77,"column":2},"end":{"line":77,"column":3}},"loc":{"start":{"line":77,"column":30},"end":{"line":84,"column":3}},"line":77}},"branchMap":{"0":{"loc":{"start":{"line":10,"column":6},"end":{"line":12,"column":7}},"type":"if","locations":[{"start":{"line":10,"column":6},"end":{"line":12,"column":7}},{"start":{},"end":{}}],"line":10},"1":{"loc":{"start":{"line":18,"column":6},"end":{"line":20,"column":7}},"type":"if","locations":[{"start":{"line":18,"column":6},"end":{"line":20,"column":7}},{"start":{},"end":{}}],"line":18},"2":{"loc":{"start":{"line":42,"column":6},"end":{"line":44,"column":7}},"type":"if","locations":[{"start":{"line":42,"column":6},"end":{"line":44,"column":7}},{"start":{},"end":{}}],"line":42},"3":{"loc":{"start":{"line":50,"column":6},"end":{"line":52,"column":7}},"type":"if","locations":[{"start":{"line":50,"column":6},"end":{"line":52,"column":7}},{"start":{},"end":{}}],"line":50},"4":{"loc":{"start":{"line":56,"column":6},"end":{"line":58,"column":7}},"type":"if","locations":[{"start":{"line":56,"column":6},"end":{"line":58,"column":7}},{"start":{},"end":{}}],"line":56}},"s":{"0":1,"1":1,"2":1,"3":1,"4":0,"5":0,"6":0,"7":0,"8":0,"9":0,"10":0,"11":0,"12":0,"13":0,"14":0,"15":0,"16":1,"17":1,"18":1,"19":0,"20":1,"21":1,"22":1,"23":0,"24":1,"25":1,"26":1,"27":0,"28":0,"29":0,"30":0,"31":0,"32":0,"33":0,"34":0,"35":1},"f":{"0":0,"1":1,"2":0},"b":{"0":[0,0],"1":[0,0],"2":[0,1],"3":[0,1],"4":[1,0]},"_coverageSchema":"1a1c01bbd47fc00a2c39e90264f33305004495a9","hash":"764dcc7f727770bc51d96b44d1b3c2d2fc35496c"}
,"/Users/sakshammishra/Hydromesh/backend/src/controllers/emergency.controller.js": {"path":"/Users/sakshammishra/Hydromesh/backend/src/controllers/emergency.controller.js","statementMap":{"0":{"start":{"line":1,"column":18},"end":{"line":1,"column":54}},"1":{"start":{"line":3,"column":28},"end":{"line":55,"column":1}},"2":{"start":{"line":6,"column":4},"end":{"line":20,"column":5}},"3":{"start":{"line":7,"column":61},"end":{"line":7,"column":69}},"4":{"start":{"line":9,"column":22},"end":{"line":15,"column":8}},"5":{"start":{"line":17,"column":6},"end":{"line":17,"column":36}},"6":{"start":{"line":19,"column":6},"end":{"line":19,"column":18}},"7":{"start":{"line":25,"column":4},"end":{"line":30,"column":5}},"8":{"start":{"line":26,"column":23},"end":{"line":26,"column":59}},"9":{"start":{"line":27,"column":6},"end":{"line":27,"column":25}},"10":{"start":{"line":29,"column":6},"end":{"line":29,"column":18}},"11":{"start":{"line":35,"column":4},"end":{"line":43,"column":5}},"12":{"start":{"line":36,"column":22},"end":{"line":39,"column":7}},"13":{"start":{"line":40,"column":6},"end":{"line":40,"column":24}},"14":{"start":{"line":42,"column":6},"end":{"line":42,"column":18}},"15":{"start":{"line":48,"column":4},"end":{"line":53,"column":5}},"16":{"start":{"line":49,"column":22},"end":{"line":49,"column":77}},"17":{"start":{"line":50,"column":6},"end":{"line":50,"column":24}},"18":{"start":{"line":52,"column":6},"end":{"line":52,"column":18}},"19":{"start":{"line":57,"column":0},"end":{"line":57,"column":37}}},"fnMap":{"0":{"name":"(anonymous_0)","decl":{"start":{"line":5,"column":2},"end":{"line":5,"column":3}},"loc":{"start":{"line":5,"column":38},"end":{"line":21,"column":3}},"line":5},"1":{"name":"(anonymous_1)","decl":{"start":{"line":24,"column":2},"end":{"line":24,"column":3}},"loc":{"start":{"line":24,"column":43},"end":{"line":31,"column":3}},"line":24},"2":{"name":"(anonymous_2)","decl":{"start":{"line":34,"column":2},"end":{"line":34,"column":3}},"loc":{"start":{"line":34,"column":38},"end":{"line":44,"column":3}},"line":34},"3":{"name":"(anonymous_3)","decl":{"start":{"line":47,"column":2},"end":{"line":47,"column":3}},"loc":{"start":{"line":47,"column":39},"end":{"line":54,"column":3}},"line":47}},"branchMap":{},"s":{"0":1,"1":1,"2":0,"3":0,"4":0,"5":0,"6":0,"7":0,"8":0,"9":0,"10":0,"11":0,"12":0,"13":0,"14":0,"15":0,"16":0,"17":0,"18":0,"19":1},"f":{"0":0,"1":0,"2":0,"3":0},"b":{},"_coverageSchema":"1a1c01bbd47fc00a2c39e90264f33305004495a9","hash":"ca9907f77aca21b8a3effa1bd71d8ca139956e71"}
,"/Users/sakshammishra/Hydromesh/backend/src/controllers/reports.controller.js": {"path":"/Users/sakshammishra/Hydromesh/backend/src/controllers/reports.controller.js","statementMap":{"0":{"start":{"line":1,"column":15},"end":{"line":1,"column":48}},"1":{"start":{"line":2,"column":18},"end":{"line":2,"column":45}},"2":{"start":{"line":4,"column":26},"end":{"line":72,"column":1}},"3":{"start":{"line":7,"column":4},"end":{"line":12,"column":5}},"4":{"start":{"line":8,"column":22},"end":{"line":8,"column":44}},"5":{"start":{"line":9,"column":6},"end":{"line":9,"column":24}},"6":{"start":{"line":11,"column":6},"end":{"line":11,"column":18}},"7":{"start":{"line":17,"column":4},"end":{"line":32,"column":5}},"8":{"start":{"line":18,"column":50},"end":{"line":18,"column":59}},"9":{"start":{"line":20,"column":6},"end":{"line":22,"column":7}},"10":{"start":{"line":21,"column":8},"end":{"line":21,"column":84}},"11":{"start":{"line":24,"column":22},"end":{"line":28,"column":7}},"12":{"start":{"line":29,"column":6},"end":{"line":29,"column":24}},"13":{"start":{"line":31,"column":6},"end":{"line":31,"column":18}},"14":{"start":{"line":37,"column":4},"end":{"line":45,"column":5}},"15":{"start":{"line":38,"column":21},"end":{"line":38,"column":57}},"16":{"start":{"line":39,"column":6},"end":{"line":41,"column":7}},"17":{"start":{"line":40,"column":8},"end":{"line":40,"column":69}},"18":{"start":{"line":42,"column":6},"end":{"line":42,"column":23}},"19":{"start":{"line":44,"column":6},"end":{"line":44,"column":18}},"20":{"start":{"line":50,"column":4},"end":{"line":70,"column":5}},"21":{"start":{"line":51,"column":83},"end":{"line":51,"column":91}},"22":{"start":{"line":53,"column":21},"end":{"line":61,"column":8}},"23":{"start":{"line":64,"column":17},"end":{"line":64,"column":24}},"24":{"start":{"line":65,"column":6},"end":{"line":65,"column":36}},"25":{"start":{"line":67,"column":6},"end":{"line":67,"column":35}},"26":{"start":{"line":69,"column":6},"end":{"line":69,"column":18}},"27":{"start":{"line":74,"column":0},"end":{"line":74,"column":35}}},"fnMap":{"0":{"name":"(anonymous_0)","decl":{"start":{"line":6,"column":2},"end":{"line":6,"column":3}},"loc":{"start":{"line":6,"column":38},"end":{"line":13,"column":3}},"line":6},"1":{"name":"(anonymous_1)","decl":{"start":{"line":16,"column":2},"end":{"line":16,"column":3}},"loc":{"start":{"line":16,"column":41},"end":{"line":33,"column":3}},"line":16},"2":{"name":"(anonymous_2)","decl":{"start":{"line":36,"column":2},"end":{"line":36,"column":3}},"loc":{"start":{"line":36,"column":38},"end":{"line":46,"column":3}},"line":36},"3":{"name":"(anonymous_3)","decl":{"start":{"line":49,"column":2},"end":{"line":49,"column":3}},"loc":{"start":{"line":49,"column":37},"end":{"line":71,"column":3}},"line":49}},"branchMap":{"0":{"loc":{"start":{"line":18,"column":35},"end":{"line":18,"column":45}},"type":"default-arg","locations":[{"start":{"line":18,"column":44},"end":{"line":18,"column":45}}],"line":18},"1":{"loc":{"start":{"line":20,"column":6},"end":{"line":22,"column":7}},"type":"if","locations":[{"start":{"line":20,"column":6},"end":{"line":22,"column":7}},{"start":{},"end":{}}],"line":20},"2":{"loc":{"start":{"line":20,"column":10},"end":{"line":20,"column":33}},"type":"binary-expr","locations":[{"start":{"line":20,"column":10},"end":{"line":20,"column":19}},{"start":{"line":20,"column":23},"end":{"line":20,"column":33}}],"line":20},"3":{"loc":{"start":{"line":39,"column":6},"end":{"line":41,"column":7}},"type":"if","locations":[{"start":{"line":39,"column":6},"end":{"line":41,"column":7}},{"start":{},"end":{}}],"line":39}},"s":{"0":1,"1":1,"2":1,"3":1,"4":1,"5":1,"6":0,"7":0,"8":0,"9":0,"10":0,"11":0,"12":0,"13":0,"14":0,"15":0,"16":0,"17":0,"18":0,"19":0,"20":0,"21":0,"22":0,"23":0,"24":0,"25":0,"26":0,"27":1},"f":{"0":1,"1":0,"2":0,"3":0},"b":{"0":[0],"1":[0,0],"2":[0,0],"3":[0,0]},"_coverageSchema":"1a1c01bbd47fc00a2c39e90264f33305004495a9","hash":"6ec9b6445de6530bf31582372df80c6a519554fd"}
,"/Users/sakshammishra/Hydromesh/backend/src/controllers/simulation.controller.js": {"path":"/Users/sakshammishra/Hydromesh/backend/src/controllers/simulation.controller.js","statementMap":{"0":{"start":{"line":1,"column":15},"end":{"line":1,"column":48}},"1":{"start":{"line":2,"column":18},"end":{"line":2,"column":54}},"2":{"start":{"line":3,"column":18},"end":{"line":3,"column":45}},"3":{"start":{"line":6,"column":21},"end":{"line":6,"column":81}},"4":{"start":{"line":6,"column":45},"end":{"line":6,"column":81}},"5":{"start":{"line":9,"column":15},"end":{"line":20,"column":1}},"6":{"start":{"line":22,"column":29},"end":{"line":148,"column":1}},"7":{"start":{"line":24,"column":4},"end":{"line":146,"column":5}},"8":{"start":{"line":25,"column":43},"end":{"line":25,"column":51}},"9":{"start":{"line":26,"column":17},"end":{"line":26,"column":24}},"10":{"start":{"line":27,"column":22},"end":{"line":27,"column":53}},"11":{"start":{"line":28,"column":22},"end":{"line":28,"column":53}},"12":{"start":{"line":29,"column":21},"end":{"line":29,"column":36}},"13":{"start":{"line":31,"column":6},"end":{"line":31,"column":86}},"14":{"start":{"line":33,"column":6},"end":{"line":142,"column":7}},"15":{"start":{"line":35,"column":10},"end":{"line":59,"column":11}},"16":{"start":{"line":35,"column":23},"end":{"line":35,"column":24}},"17":{"start":{"line":36,"column":12},"end":{"line":58,"column":24}},"18":{"start":{"line":37,"column":29},"end":{"line":45,"column":16}},"19":{"start":{"line":46,"column":14},"end":{"line":46,"column":44}},"20":{"start":{"line":48,"column":14},"end":{"line":57,"column":15}},"21":{"start":{"line":49,"column":34},"end":{"line":55,"column":18}},"22":{"start":{"line":56,"column":16},"end":{"line":56,"column":52}},"23":{"start":{"line":60,"column":10},"end":{"line":60,"column":16}},"24":{"start":{"line":63,"column":25},"end":{"line":63,"column":74}},"25":{"start":{"line":64,"column":10},"end":{"line":77,"column":11}},"26":{"start":{"line":64,"column":23},"end":{"line":64,"column":24}},"27":{"start":{"line":65,"column":12},"end":{"line":76,"column":25}},"28":{"start":{"line":66,"column":29},"end":{"line":74,"column":16}},"29":{"start":{"line":75,"column":14},"end":{"line":75,"column":44}},"30":{"start":{"line":78,"column":10},"end":{"line":78,"column":16}},"31":{"start":{"line":82,"column":10},"end":{"line":97,"column":11}},"32":{"start":{"line":82,"column":23},"end":{"line":82,"column":24}},"33":{"start":{"line":83,"column":12},"end":{"line":96,"column":24}},"34":{"start":{"line":84,"column":28},"end":{"line":84,"column":50}},"35":{"start":{"line":85,"column":29},"end":{"line":85,"column":34}},"36":{"start":{"line":86,"column":29},"end":{"line":94,"column":16}},"37":{"start":{"line":95,"column":14},"end":{"line":95,"column":44}},"38":{"start":{"line":98,"column":10},"end":{"line":98,"column":16}},"39":{"start":{"line":101,"column":10},"end":{"line":118,"column":11}},"40":{"start":{"line":101,"column":23},"end":{"line":101,"column":24}},"41":{"start":{"line":102,"column":12},"end":{"line":117,"column":25}},"42":{"start":{"line":103,"column":32},"end":{"line":109,"column":16}},"43":{"start":{"line":110,"column":14},"end":{"line":110,"column":50}},"44":{"start":{"line":113,"column":14},"end":{"line":116,"column":23}},"45":{"start":{"line":114,"column":34},"end":{"line":114,"column":95}},"46":{"start":{"line":115,"column":17},"end":{"line":115,"column":52}},"47":{"start":{"line":119,"column":10},"end":{"line":119,"column":16}},"48":{"start":{"line":123,"column":31},"end":{"line":123,"column":62}},"49":{"start":{"line":124,"column":10},"end":{"line":137,"column":13}},"50":{"start":{"line":125,"column":13},"end":{"line":136,"column":30}},"51":{"start":{"line":126,"column":31},"end":{"line":134,"column":18}},"52":{"start":{"line":135,"column":16},"end":{"line":135,"column":46}},"53":{"start":{"line":138,"column":10},"end":{"line":138,"column":16}},"54":{"start":{"line":141,"column":10},"end":{"line":141,"column":16}},"55":{"start":{"line":144,"column":6},"end":{"line":144,"column":48}},"56":{"start":{"line":150,"column":0},"end":{"line":150,"column":38}}},"fnMap":{"0":{"name":"(anonymous_0)","decl":{"start":{"line":6,"column":21},"end":{"line":6,"column":22}},"loc":{"start":{"line":6,"column":45},"end":{"line":6,"column":81}},"line":6},"1":{"name":"(anonymous_1)","decl":{"start":{"line":23,"column":2},"end":{"line":23,"column":3}},"loc":{"start":{"line":23,"column":38},"end":{"line":147,"column":3}},"line":23},"2":{"name":"(anonymous_2)","decl":{"start":{"line":36,"column":23},"end":{"line":36,"column":24}},"loc":{"start":{"line":36,"column":35},"end":{"line":58,"column":13}},"line":36},"3":{"name":"(anonymous_3)","decl":{"start":{"line":65,"column":23},"end":{"line":65,"column":24}},"loc":{"start":{"line":65,"column":35},"end":{"line":76,"column":13}},"line":65},"4":{"name":"(anonymous_4)","decl":{"start":{"line":83,"column":23},"end":{"line":83,"column":24}},"loc":{"start":{"line":83,"column":35},"end":{"line":96,"column":13}},"line":83},"5":{"name":"(anonymous_5)","decl":{"start":{"line":102,"column":23},"end":{"line":102,"column":24}},"loc":{"start":{"line":102,"column":35},"end":{"line":117,"column":13}},"line":102},"6":{"name":"(anonymous_6)","decl":{"start":{"line":113,"column":25},"end":{"line":113,"column":26}},"loc":{"start":{"line":113,"column":37},"end":{"line":116,"column":15}},"line":113},"7":{"name":"(anonymous_7)","decl":{"start":{"line":124,"column":31},"end":{"line":124,"column":32}},"loc":{"start":{"line":124,"column":48},"end":{"line":137,"column":11}},"line":124},"8":{"name":"(anonymous_8)","decl":{"start":{"line":125,"column":24},"end":{"line":125,"column":25}},"loc":{"start":{"line":125,"column":36},"end":{"line":136,"column":14}},"line":125}},"branchMap":{"0":{"loc":{"start":{"line":6,"column":28},"end":{"line":6,"column":40}},"type":"default-arg","locations":[{"start":{"line":6,"column":36},"end":{"line":6,"column":40}}],"line":6},"1":{"loc":{"start":{"line":25,"column":20},"end":{"line":25,"column":38}},"type":"default-arg","locations":[{"start":{"line":25,"column":30},"end":{"line":25,"column":38}}],"line":25},"2":{"loc":{"start":{"line":27,"column":22},"end":{"line":27,"column":53}},"type":"binary-expr","locations":[{"start":{"line":27,"column":22},"end":{"line":27,"column":42}},{"start":{"line":27,"column":46},"end":{"line":27,"column":53}}],"line":27},"3":{"loc":{"start":{"line":28,"column":22},"end":{"line":28,"column":53}},"type":"binary-expr","locations":[{"start":{"line":28,"column":22},"end":{"line":28,"column":42}},{"start":{"line":28,"column":46},"end":{"line":28,"column":53}}],"line":28},"4":{"loc":{"start":{"line":33,"column":6},"end":{"line":142,"column":7}},"type":"switch","locations":[{"start":{"line":34,"column":8},"end":{"line":60,"column":16}},{"start":{"line":62,"column":8},"end":{"line":78,"column":16}},{"start":{"line":80,"column":8},"end":{"line":98,"column":16}},{"start":{"line":100,"column":8},"end":{"line":119,"column":16}},{"start":{"line":121,"column":8},"end":{"line":138,"column":16}},{"start":{"line":140,"column":8},"end":{"line":141,"column":16}}],"line":33},"5":{"loc":{"start":{"line":48,"column":14},"end":{"line":57,"column":15}},"type":"if","locations":[{"start":{"line":48,"column":14},"end":{"line":57,"column":15}},{"start":{},"end":{}}],"line":48}},"s":{"0":1,"1":1,"2":1,"3":1,"4":0,"5":1,"6":1,"7":0,"8":0,"9":0,"10":0,"11":0,"12":0,"13":0,"14":0,"15":0,"16":0,"17":0,"18":0,"19":0,"20":0,"21":0,"22":0,"23":0,"24":0,"25":0,"26":0,"27":0,"28":0,"29":0,"30":0,"31":0,"32":0,"33":0,"34":0,"35":0,"36":0,"37":0,"38":0,"39":0,"40":0,"41":0,"42":0,"43":0,"44":0,"45":0,"46":0,"47":0,"48":0,"49":0,"50":0,"51":0,"52":0,"53":0,"54":0,"55":0,"56":1},"f":{"0":0,"1":0,"2":0,"3":0,"4":0,"5":0,"6":0,"7":0,"8":0},"b":{"0":[0],"1":[0],"2":[0,0],"3":[0,0],"4":[0,0,0,0,0,0],"5":[0,0]},"_coverageSchema":"1a1c01bbd47fc00a2c39e90264f33305004495a9","hash":"d43a83667f0d33b9d79e603858a0f37bfa0024f4"}
,"/Users/sakshammishra/Hydromesh/backend/src/controllers/weather.controller.js": {"path":"/Users/sakshammishra/Hydromesh/backend/src/controllers/weather.controller.js","statementMap":{"0":{"start":{"line":1,"column":14},"end":{"line":1,"column":30}},"1":{"start":{"line":3,"column":26},"end":{"line":51,"column":1}},"2":{"start":{"line":6,"column":4},"end":{"line":25,"column":5}},"3":{"start":{"line":7,"column":38},"end":{"line":7,"column":47}},"4":{"start":{"line":9,"column":6},"end":{"line":11,"column":7}},"5":{"start":{"line":10,"column":8},"end":{"line":10,"column":84}},"6":{"start":{"line":13,"column":23},"end":{"line":20,"column":8}},"7":{"start":{"line":22,"column":6},"end":{"line":22,"column":30}},"8":{"start":{"line":24,"column":6},"end":{"line":24,"column":18}},"9":{"start":{"line":30,"column":4},"end":{"line":49,"column":5}},"10":{"start":{"line":31,"column":38},"end":{"line":31,"column":47}},"11":{"start":{"line":33,"column":6},"end":{"line":35,"column":7}},"12":{"start":{"line":34,"column":8},"end":{"line":34,"column":84}},"13":{"start":{"line":37,"column":23},"end":{"line":44,"column":8}},"14":{"start":{"line":46,"column":6},"end":{"line":46,"column":30}},"15":{"start":{"line":48,"column":6},"end":{"line":48,"column":18}},"16":{"start":{"line":53,"column":0},"end":{"line":53,"column":35}}},"fnMap":{"0":{"name":"(anonymous_0)","decl":{"start":{"line":5,"column":2},"end":{"line":5,"column":3}},"loc":{"start":{"line":5,"column":42},"end":{"line":26,"column":3}},"line":5},"1":{"name":"(anonymous_1)","decl":{"start":{"line":29,"column":2},"end":{"line":29,"column":3}},"loc":{"start":{"line":29,"column":36},"end":{"line":50,"column":3}},"line":29}},"branchMap":{"0":{"loc":{"start":{"line":9,"column":6},"end":{"line":11,"column":7}},"type":"if","locations":[{"start":{"line":9,"column":6},"end":{"line":11,"column":7}},{"start":{},"end":{}}],"line":9},"1":{"loc":{"start":{"line":9,"column":10},"end":{"line":9,"column":33}},"type":"binary-expr","locations":[{"start":{"line":9,"column":10},"end":{"line":9,"column":19}},{"start":{"line":9,"column":23},"end":{"line":9,"column":33}}],"line":9},"2":{"loc":{"start":{"line":33,"column":6},"end":{"line":35,"column":7}},"type":"if","locations":[{"start":{"line":33,"column":6},"end":{"line":35,"column":7}},{"start":{},"end":{}}],"line":33},"3":{"loc":{"start":{"line":33,"column":10},"end":{"line":33,"column":33}},"type":"binary-expr","locations":[{"start":{"line":33,"column":10},"end":{"line":33,"column":19}},{"start":{"line":33,"column":23},"end":{"line":33,"column":33}}],"line":33}},"s":{"0":1,"1":1,"2":2,"3":2,"4":2,"5":1,"6":1,"7":1,"8":0,"9":0,"10":0,"11":0,"12":0,"13":0,"14":0,"15":0,"16":1},"f":{"0":2,"1":0},"b":{"0":[1,1],"1":[2,1],"2":[0,0],"3":[0,0]},"_coverageSchema":"1a1c01bbd47fc00a2c39e90264f33305004495a9","hash":"de053666d932adc7c9e8e9632b9b3c560d498ac5"}
,"/Users/sakshammishra/Hydromesh/backend/src/middleware/auth.middleware.js": {"path":"/Users/sakshammishra/Hydromesh/backend/src/middleware/auth.middleware.js","statementMap":{"0":{"start":{"line":1,"column":12},"end":{"line":1,"column":35}},"1":{"start":{"line":3,"column":23},"end":{"line":19,"column":1}},"2":{"start":{"line":4,"column":2},"end":{"line":18,"column":3}},"3":{"start":{"line":5,"column":23},"end":{"line":5,"column":48}},"4":{"start":{"line":7,"column":4},"end":{"line":9,"column":5}},"5":{"start":{"line":8,"column":6},"end":{"line":8,"column":68}},"6":{"start":{"line":11,"column":18},"end":{"line":11,"column":42}},"7":{"start":{"line":12,"column":20},"end":{"line":12,"column":61}},"8":{"start":{"line":14,"column":4},"end":{"line":14,"column":23}},"9":{"start":{"line":15,"column":4},"end":{"line":15,"column":11}},"10":{"start":{"line":17,"column":4},"end":{"line":17,"column":62}},"11":{"start":{"line":21,"column":0},"end":{"line":21,"column":32}}},"fnMap":{"0":{"name":"(anonymous_0)","decl":{"start":{"line":3,"column":23},"end":{"line":3,"column":24}},"loc":{"start":{"line":3,"column":43},"end":{"line":19,"column":1}},"line":3}},"branchMap":{"0":{"loc":{"start":{"line":7,"column":4},"end":{"line":9,"column":5}},"type":"if","locations":[{"start":{"line":7,"column":4},"end":{"line":9,"column":5}},{"start":{},"end":{}}],"line":7},"1":{"loc":{"start":{"line":7,"column":8},"end":{"line":7,"column":56}},"type":"binary-expr","locations":[{"start":{"line":7,"column":8},"end":{"line":7,"column":19}},{"start":{"line":7,"column":23},"end":{"line":7,"column":56}}],"line":7}},"s":{"0":1,"1":1,"2":3,"3":3,"4":3,"5":1,"6":2,"7":2,"8":0,"9":0,"10":2,"11":1},"f":{"0":3},"b":{"0":[1,2],"1":[3,2]},"_coverageSchema":"1a1c01bbd47fc00a2c39e90264f33305004495a9","hash":"5632ebe60b1cbb450bb2417869a1419b4905d7a7"}
,"/Users/sakshammishra/Hydromesh/backend/src/middleware/error.middleware.js": {"path":"/Users/sakshammishra/Hydromesh/backend/src/middleware/error.middleware.js","statementMap":{"0":{"start":{"line":1,"column":24},"end":{"line":8,"column":1}},"1":{"start":{"line":2,"column":2},"end":{"line":2,"column":27}},"2":{"start":{"line":4,"column":2},"end":{"line":7,"column":5}},"3":{"start":{"line":10,"column":0},"end":{"line":10,"column":33}}},"fnMap":{"0":{"name":"(anonymous_0)","decl":{"start":{"line":1,"column":24},"end":{"line":1,"column":25}},"loc":{"start":{"line":1,"column":49},"end":{"line":8,"column":1}},"line":1}},"branchMap":{"0":{"loc":{"start":{"line":4,"column":13},"end":{"line":4,"column":30}},"type":"binary-expr","locations":[{"start":{"line":4,"column":13},"end":{"line":4,"column":23}},{"start":{"line":4,"column":27},"end":{"line":4,"column":30}}],"line":4},"1":{"loc":{"start":{"line":5,"column":13},"end":{"line":5,"column":51}},"type":"binary-expr","locations":[{"start":{"line":5,"column":13},"end":{"line":5,"column":24}},{"start":{"line":5,"column":28},"end":{"line":5,"column":51}}],"line":5},"2":{"loc":{"start":{"line":6,"column":8},"end":{"line":6,"column":70}},"type":"binary-expr","locations":[{"start":{"line":6,"column":8},"end":{"line":6,"column":46}},{"start":{"line":6,"column":50},"end":{"line":6,"column":70}}],"line":6}},"s":{"0":1,"1":0,"2":0,"3":1},"f":{"0":0},"b":{"0":[0,0],"1":[0,0],"2":[0,0]},"_coverageSchema":"1a1c01bbd47fc00a2c39e90264f33305004495a9","hash":"64f24fff5b00b0d146ad1e637b91d2f7d1080f0c"}
,"/Users/sakshammishra/Hydromesh/backend/src/middleware/validate.middleware.js": {"path":"/Users/sakshammishra/Hydromesh/backend/src/middleware/validate.middleware.js","statementMap":{"0":{"start":{"line":1,"column":49},"end":{"line":1,"column":77}},"1":{"start":{"line":4,"column":25},"end":{"line":10,"column":1}},"2":{"start":{"line":5,"column":17},"end":{"line":5,"column":38}},"3":{"start":{"line":6,"column":2},"end":{"line":8,"column":3}},"4":{"start":{"line":7,"column":4},"end":{"line":7,"column":60}},"5":{"start":{"line":9,"column":2},"end":{"line":9,"column":9}},"6":{"start":{"line":13,"column":23},"end":{"line":19,"column":1}},"7":{"start":{"line":14,"column":2},"end":{"line":14,"column":46}},"8":{"start":{"line":14,"column":33},"end":{"line":14,"column":46}},"9":{"start":{"line":15,"column":2},"end":{"line":18,"column":24}},"10":{"start":{"line":22,"column":29},"end":{"line":46,"column":1}},"11":{"start":{"line":49,"column":28},"end":{"line":61,"column":1}},"12":{"start":{"line":64,"column":32},"end":{"line":81,"column":1}},"13":{"start":{"line":84,"column":24},"end":{"line":89,"column":1}},"14":{"start":{"line":91,"column":0},"end":{"line":97,"column":2}}},"fnMap":{"0":{"name":"(anonymous_0)","decl":{"start":{"line":4,"column":25},"end":{"line":4,"column":26}},"loc":{"start":{"line":4,"column":45},"end":{"line":10,"column":1}},"line":4},"1":{"name":"(anonymous_1)","decl":{"start":{"line":13,"column":23},"end":{"line":13,"column":24}},"loc":{"start":{"line":13,"column":34},"end":{"line":19,"column":1}},"line":13}},"branchMap":{"0":{"loc":{"start":{"line":6,"column":2},"end":{"line":8,"column":3}},"type":"if","locations":[{"start":{"line":6,"column":2},"end":{"line":8,"column":3}},{"start":{},"end":{}}],"line":6},"1":{"loc":{"start":{"line":14,"column":2},"end":{"line":14,"column":46}},"type":"if","locations":[{"start":{"line":14,"column":2},"end":{"line":14,"column":46}},{"start":{},"end":{}}],"line":14}},"s":{"0":1,"1":1,"2":0,"3":0,"4":0,"5":0,"6":1,"7":0,"8":0,"9":0,"10":1,"11":1,"12":1,"13":1,"14":1},"f":{"0":0,"1":0},"b":{"0":[0,0],"1":[0,0]},"_coverageSchema":"1a1c01bbd47fc00a2c39e90264f33305004495a9","hash":"673cf40f6ce6d9d1e2818d1b620a8fdcfeec81b4"}
,"/Users/sakshammishra/Hydromesh/backend/src/models/emergency.model.js": {"path":"/Users/sakshammishra/Hydromesh/backend/src/models/emergency.model.js","statementMap":{"0":{"start":{"line":1,"column":18},"end":{"line":1,"column":47}},"1":{"start":{"line":3,"column":18},"end":{"line":73,"column":1}},"2":{"start":{"line":6,"column":19},"end":{"line":12,"column":5}},"3":{"start":{"line":13,"column":4},"end":{"line":13,"column":26}},"4":{"start":{"line":18,"column":19},"end":{"line":34,"column":5}},"5":{"start":{"line":35,"column":4},"end":{"line":35,"column":23}},"6":{"start":{"line":40,"column":19},"end":{"line":46,"column":5}},"7":{"start":{"line":47,"column":4},"end":{"line":47,"column":26}},"8":{"start":{"line":52,"column":19},"end":{"line":58,"column":5}},"9":{"start":{"line":59,"column":4},"end":{"line":59,"column":26}},"10":{"start":{"line":64,"column":19},"end":{"line":70,"column":5}},"11":{"start":{"line":71,"column":4},"end":{"line":71,"column":23}},"12":{"start":{"line":75,"column":0},"end":{"line":75,"column":27}}},"fnMap":{"0":{"name":"(anonymous_0)","decl":{"start":{"line":5,"column":2},"end":{"line":5,"column":3}},"loc":{"start":{"line":5,"column":85},"end":{"line":14,"column":3}},"line":5},"1":{"name":"(anonymous_1)","decl":{"start":{"line":17,"column":2},"end":{"line":17,"column":3}},"loc":{"start":{"line":17,"column":65},"end":{"line":36,"column":3}},"line":17},"2":{"name":"(anonymous_2)","decl":{"start":{"line":39,"column":2},"end":{"line":39,"column":3}},"loc":{"start":{"line":39,"column":48},"end":{"line":48,"column":3}},"line":39},"3":{"name":"(anonymous_3)","decl":{"start":{"line":51,"column":2},"end":{"line":51,"column":3}},"loc":{"start":{"line":51,"column":40},"end":{"line":60,"column":3}},"line":51},"4":{"name":"(anonymous_4)","decl":{"start":{"line":63,"column":2},"end":{"line":63,"column":3}},"loc":{"start":{"line":63,"column":29},"end":{"line":72,"column":3}},"line":63}},"branchMap":{"0":{"loc":{"start":{"line":5,"column":62},"end":{"line":5,"column":81}},"type":"default-arg","locations":[{"start":{"line":5,"column":73},"end":{"line":5,"column":81}}],"line":5},"1":{"loc":{"start":{"line":17,"column":50},"end":{"line":17,"column":63}},"type":"default-arg","locations":[{"start":{"line":17,"column":61},"end":{"line":17,"column":63}}],"line":17}},"s":{"0":2,"1":2,"2":1,"3":1,"4":0,"5":0,"6":1,"7":1,"8":1,"9":1,"10":0,"11":0,"12":2},"f":{"0":1,"1":0,"2":1,"3":1,"4":0},"b":{"0":[0],"1":[0]},"_coverageSchema":"1a1c01bbd47fc00a2c39e90264f33305004495a9","hash":"1800079bd09577683de4b7d34b2eca9c01178690"}
,"/Users/sakshammishra/Hydromesh/backend/src/models/report.model.js": {"path":"/Users/sakshammishra/Hydromesh/backend/src/models/report.model.js","statementMap":{"0":{"start":{"line":1,"column":18},"end":{"line":1,"column":47}},"1":{"start":{"line":3,"column":15},"end":{"line":57,"column":1}},"2":{"start":{"line":6,"column":19},"end":{"line":12,"column":5}},"3":{"start":{"line":13,"column":4},"end":{"line":13,"column":26}},"4":{"start":{"line":18,"column":19},"end":{"line":25,"column":5}},"5":{"start":{"line":26,"column":4},"end":{"line":26,"column":23}},"6":{"start":{"line":31,"column":19},"end":{"line":45,"column":5}},"7":{"start":{"line":46,"column":4},"end":{"line":46,"column":23}},"8":{"start":{"line":51,"column":19},"end":{"line":54,"column":5}},"9":{"start":{"line":55,"column":4},"end":{"line":55,"column":26}},"10":{"start":{"line":59,"column":0},"end":{"line":59,"column":24}}},"fnMap":{"0":{"name":"(anonymous_0)","decl":{"start":{"line":5,"column":2},"end":{"line":5,"column":3}},"loc":{"start":{"line":5,"column":93},"end":{"line":14,"column":3}},"line":5},"1":{"name":"(anonymous_1)","decl":{"start":{"line":17,"column":2},"end":{"line":17,"column":3}},"loc":{"start":{"line":17,"column":29},"end":{"line":27,"column":3}},"line":17},"2":{"name":"(anonymous_2)","decl":{"start":{"line":30,"column":2},"end":{"line":30,"column":3}},"loc":{"start":{"line":30,"column":54},"end":{"line":47,"column":3}},"line":30},"3":{"name":"(anonymous_3)","decl":{"start":{"line":50,"column":2},"end":{"line":50,"column":3}},"loc":{"start":{"line":50,"column":27},"end":{"line":56,"column":3}},"line":50}},"branchMap":{"0":{"loc":{"start":{"line":17,"column":16},"end":{"line":17,"column":27}},"type":"default-arg","locations":[{"start":{"line":17,"column":24},"end":{"line":17,"column":27}}],"line":17},"1":{"loc":{"start":{"line":30,"column":40},"end":{"line":30,"column":52}},"type":"default-arg","locations":[{"start":{"line":30,"column":51},"end":{"line":30,"column":52}}],"line":30}},"s":{"0":2,"1":2,"2":1,"3":1,"4":2,"5":2,"6":1,"7":1,"8":0,"9":0,"10":2},"f":{"0":1,"1":2,"2":1,"3":0},"b":{"0":[2],"1":[0]},"_coverageSchema":"1a1c01bbd47fc00a2c39e90264f33305004495a9","hash":"1f28297a6833fc1f88f2a2870610b860dd8d4f9b"}
,"/Users/sakshammishra/Hydromesh/backend/src/models/user.model.js": {"path":"/Users/sakshammishra/Hydromesh/backend/src/models/user.model.js","statementMap":{"0":{"start":{"line":1,"column":18},"end":{"line":1,"column":47}},"1":{"start":{"line":2,"column":15},"end":{"line":2,"column":34}},"2":{"start":{"line":4,"column":13},"end":{"line":39,"column":1}},"3":{"start":{"line":7,"column":27},"end":{"line":7,"column":58}},"4":{"start":{"line":8,"column":19},"end":{"line":13,"column":5}},"5":{"start":{"line":14,"column":4},"end":{"line":14,"column":26}},"6":{"start":{"line":19,"column":19},"end":{"line":22,"column":5}},"7":{"start":{"line":23,"column":4},"end":{"line":23,"column":26}},"8":{"start":{"line":28,"column":19},"end":{"line":31,"column":5}},"9":{"start":{"line":32,"column":4},"end":{"line":32,"column":26}},"10":{"start":{"line":37,"column":4},"end":{"line":37,"column":57}},"11":{"start":{"line":41,"column":0},"end":{"line":41,"column":22}}},"fnMap":{"0":{"name":"(anonymous_0)","decl":{"start":{"line":6,"column":2},"end":{"line":6,"column":3}},"loc":{"start":{"line":6,"column":74},"end":{"line":15,"column":3}},"line":6},"1":{"name":"(anonymous_1)","decl":{"start":{"line":18,"column":2},"end":{"line":18,"column":3}},"loc":{"start":{"line":18,"column":27},"end":{"line":24,"column":3}},"line":18},"2":{"name":"(anonymous_2)","decl":{"start":{"line":27,"column":2},"end":{"line":27,"column":3}},"loc":{"start":{"line":27,"column":25},"end":{"line":33,"column":3}},"line":27},"3":{"name":"(anonymous_3)","decl":{"start":{"line":36,"column":2},"end":{"line":36,"column":3}},"loc":{"start":{"line":36,"column":54},"end":{"line":38,"column":3}},"line":36}},"branchMap":{"0":{"loc":{"start":{"line":6,"column":40},"end":{"line":6,"column":56}},"type":"default-arg","locations":[{"start":{"line":6,"column":47},"end":{"line":6,"column":56}}],"line":6},"1":{"loc":{"start":{"line":6,"column":58},"end":{"line":6,"column":70}},"type":"default-arg","locations":[{"start":{"line":6,"column":66},"end":{"line":6,"column":70}}],"line":6}},"s":{"0":2,"1":2,"2":2,"3":0,"4":0,"5":0,"6":3,"7":3,"8":1,"9":1,"10":1,"11":2},"f":{"0":0,"1":3,"2":1,"3":1},"b":{"0":[0],"1":[0]},"_coverageSchema":"1a1c01bbd47fc00a2c39e90264f33305004495a9","hash":"589341b0a4f384e998f546cb8a09fd5159cdc377"}
,"/Users/sakshammishra/Hydromesh/backend/src/routes/auth.routes.js": {"path":"/Users/sakshammishra/Hydromesh/backend/src/routes/auth.routes.js","statementMap":{"0":{"start":{"line":1,"column":16},"end":{"line":1,"column":34}},"1":{"start":{"line":2,"column":15},"end":{"line":2,"column":31}},"2":{"start":{"line":3,"column":23},"end":{"line":3,"column":64}},"3":{"start":{"line":4,"column":17},"end":{"line":4,"column":45}},"4":{"start":{"line":7,"column":0},"end":{"line":12,"column":28}},"5":{"start":{"line":15,"column":0},"end":{"line":18,"column":25}},"6":{"start":{"line":21,"column":0},"end":{"line":21,"column":82}},"7":{"start":{"line":23,"column":0},"end":{"line":23,"column":24}}},"fnMap":{},"branchMap":{},"s":{"0":1,"1":1,"2":1,"3":1,"4":1,"5":1,"6":1,"7":1},"f":{},"b":{},"_coverageSchema":"1a1c01bbd47fc00a2c39e90264f33305004495a9","hash":"d2c9bd85c572c5f356774e86266f7b2752d66410"}
,"/Users/sakshammishra/Hydromesh/backend/src/routes/emergency.routes.js": {"path":"/Users/sakshammishra/Hydromesh/backend/src/routes/emergency.routes.js","statementMap":{"0":{"start":{"line":1,"column":16},"end":{"line":1,"column":34}},"1":{"start":{"line":2,"column":15},"end":{"line":2,"column":31}},"2":{"start":{"line":3,"column":28},"end":{"line":3,"column":74}},"3":{"start":{"line":4,"column":23},"end":{"line":4,"column":63}},"4":{"start":{"line":5,"column":53},"end":{"line":5,"column":97}},"5":{"start":{"line":8,"column":0},"end":{"line":8,"column":93}},"6":{"start":{"line":11,"column":0},"end":{"line":11,"column":79}},"7":{"start":{"line":14,"column":0},"end":{"line":14,"column":95}},"8":{"start":{"line":17,"column":0},"end":{"line":17,"column":97}},"9":{"start":{"line":19,"column":0},"end":{"line":19,"column":24}}},"fnMap":{},"branchMap":{},"s":{"0":1,"1":1,"2":1,"3":1,"4":1,"5":1,"6":1,"7":1,"8":1,"9":1},"f":{},"b":{},"_coverageSchema":"1a1c01bbd47fc00a2c39e90264f33305004495a9","hash":"5fd909199564ecc6c4ec6d163add5d5e9cac6e8d"}
,"/Users/sakshammishra/Hydromesh/backend/src/routes/reports.routes.js": {"path":"/Users/sakshammishra/Hydromesh/backend/src/routes/reports.routes.js","statementMap":{"0":{"start":{"line":1,"column":16},"end":{"line":1,"column":34}},"1":{"start":{"line":2,"column":15},"end":{"line":2,"column":31}},"2":{"start":{"line":3,"column":26},"end":{"line":3,"column":70}},"3":{"start":{"line":4,"column":23},"end":{"line":4,"column":63}},"4":{"start":{"line":5,"column":71},"end":{"line":5,"column":115}},"5":{"start":{"line":8,"column":0},"end":{"line":8,"column":49}},"6":{"start":{"line":11,"column":0},"end":{"line":11,"column":79}},"7":{"start":{"line":14,"column":0},"end":{"line":14,"column":69}},"8":{"start":{"line":17,"column":0},"end":{"line":17,"column":87}},"9":{"start":{"line":19,"column":0},"end":{"line":19,"column":24}}},"fnMap":{},"branchMap":{},"s":{"0":1,"1":1,"2":1,"3":1,"4":1,"5":1,"6":1,"7":1,"8":1,"9":1},"f":{},"b":{},"_coverageSchema":"1a1c01bbd47fc00a2c39e90264f33305004495a9","hash":"fffd5800a9fcb719a21d402570babddc70f5ef80"}
,"/Users/sakshammishra/Hydromesh/backend/src/routes/simulation.routes.js": {"path":"/Users/sakshammishra/Hydromesh/backend/src/routes/simulation.routes.js","statementMap":{"0":{"start":{"line":1,"column":16},"end":{"line":1,"column":34}},"1":{"start":{"line":2,"column":15},"end":{"line":2,"column":31}},"2":{"start":{"line":3,"column":29},"end":{"line":3,"column":76}},"3":{"start":{"line":4,"column":23},"end":{"line":4,"column":63}},"4":{"start":{"line":7,"column":0},"end":{"line":7,"column":72}},"5":{"start":{"line":9,"column":0},"end":{"line":9,"column":24}}},"fnMap":{},"branchMap":{},"s":{"0":1,"1":1,"2":1,"3":1,"4":1,"5":1},"f":{},"b":{},"_coverageSchema":"1a1c01bbd47fc00a2c39e90264f33305004495a9","hash":"54a9c97aa04beb28905ff46e87a3da87c6b5d43f"}
,"/Users/sakshammishra/Hydromesh/backend/src/routes/weather.routes.js": {"path":"/Users/sakshammishra/Hydromesh/backend/src/routes/weather.routes.js","statementMap":{"0":{"start":{"line":1,"column":16},"end":{"line":1,"column":34}},"1":{"start":{"line":2,"column":15},"end":{"line":2,"column":31}},"2":{"start":{"line":3,"column":26},"end":{"line":3,"column":70}},"3":{"start":{"line":6,"column":0},"end":{"line":6,"column":60}},"4":{"start":{"line":9,"column":0},"end":{"line":9,"column":55}},"5":{"start":{"line":11,"column":0},"end":{"line":11,"column":24}}},"fnMap":{},"branchMap":{},"s":{"0":1,"1":1,"2":1,"3":1,"4":1,"5":1},"f":{},"b":{},"_coverageSchema":"1a1c01bbd47fc00a2c39e90264f33305004495a9","hash":"c693e7b1f2a43c334ad9ac5c4c2879eba1b9cc8d"}
}
