{"/Users/sakshammishra/Hydromesh/backend/src/models/emergency.model.js": {"path":"/Users/sakshammishra/Hydromesh/backend/src/models/emergency.model.js","statementMap":{"0":{"start":{"line":1,"column":18},"end":{"line":1,"column":47}},"1":{"start":{"line":3,"column":18},"end":{"line":73,"column":1}},"2":{"start":{"line":6,"column":19},"end":{"line":12,"column":5}},"3":{"start":{"line":13,"column":4},"end":{"line":13,"column":26}},"4":{"start":{"line":18,"column":19},"end":{"line":34,"column":5}},"5":{"start":{"line":35,"column":4},"end":{"line":35,"column":23}},"6":{"start":{"line":40,"column":19},"end":{"line":46,"column":5}},"7":{"start":{"line":47,"column":4},"end":{"line":47,"column":26}},"8":{"start":{"line":52,"column":19},"end":{"line":58,"column":5}},"9":{"start":{"line":59,"column":4},"end":{"line":59,"column":26}},"10":{"start":{"line":64,"column":19},"end":{"line":70,"column":5}},"11":{"start":{"line":71,"column":4},"end":{"line":71,"column":23}},"12":{"start":{"line":75,"column":0},"end":{"line":75,"column":27}}},"fnMap":{"0":{"name":"(anonymous_0)","decl":{"start":{"line":5,"column":2},"end":{"line":5,"column":3}},"loc":{"start":{"line":5,"column":85},"end":{"line":14,"column":3}},"line":5},"1":{"name":"(anonymous_1)","decl":{"start":{"line":17,"column":2},"end":{"line":17,"column":3}},"loc":{"start":{"line":17,"column":65},"end":{"line":36,"column":3}},"line":17},"2":{"name":"(anonymous_2)","decl":{"start":{"line":39,"column":2},"end":{"line":39,"column":3}},"loc":{"start":{"line":39,"column":48},"end":{"line":48,"column":3}},"line":39},"3":{"name":"(anonymous_3)","decl":{"start":{"line":51,"column":2},"end":{"line":51,"column":3}},"loc":{"start":{"line":51,"column":40},"end":{"line":60,"column":3}},"line":51},"4":{"name":"(anonymous_4)","decl":{"start":{"line":63,"column":2},"end":{"line":63,"column":3}},"loc":{"start":{"line":63,"column":29},"end":{"line":72,"column":3}},"line":63}},"branchMap":{"0":{"loc":{"start":{"line":5,"column":62},"end":{"line":5,"column":81}},"type":"default-arg","locations":[{"start":{"line":5,"column":73},"end":{"line":5,"column":81}}],"line":5},"1":{"loc":{"start":{"line":17,"column":50},"end":{"line":17,"column":63}},"type":"default-arg","locations":[{"start":{"line":17,"column":61},"end":{"line":17,"column":63}}],"line":17}},"s":{"0":1,"1":1,"2":1,"3":1,"4":0,"5":0,"6":1,"7":1,"8":1,"9":1,"10":0,"11":0,"12":1},"f":{"0":1,"1":0,"2":1,"3":1,"4":0},"b":{"0":[0],"1":[0]},"_coverageSchema":"1a1c01bbd47fc00a2c39e90264f33305004495a9","hash":"1800079bd09577683de4b7d34b2eca9c01178690"}
,"/Users/sakshammishra/Hydromesh/backend/src/models/report.model.js": {"path":"/Users/sakshammishra/Hydromesh/backend/src/models/report.model.js","statementMap":{"0":{"start":{"line":1,"column":18},"end":{"line":1,"column":47}},"1":{"start":{"line":3,"column":15},"end":{"line":57,"column":1}},"2":{"start":{"line":6,"column":19},"end":{"line":12,"column":5}},"3":{"start":{"line":13,"column":4},"end":{"line":13,"column":26}},"4":{"start":{"line":18,"column":19},"end":{"line":25,"column":5}},"5":{"start":{"line":26,"column":4},"end":{"line":26,"column":23}},"6":{"start":{"line":31,"column":19},"end":{"line":45,"column":5}},"7":{"start":{"line":46,"column":4},"end":{"line":46,"column":23}},"8":{"start":{"line":51,"column":19},"end":{"line":54,"column":5}},"9":{"start":{"line":55,"column":4},"end":{"line":55,"column":26}},"10":{"start":{"line":59,"column":0},"end":{"line":59,"column":24}}},"fnMap":{"0":{"name":"(anonymous_0)","decl":{"start":{"line":5,"column":2},"end":{"line":5,"column":3}},"loc":{"start":{"line":5,"column":93},"end":{"line":14,"column":3}},"line":5},"1":{"name":"(anonymous_1)","decl":{"start":{"line":17,"column":2},"end":{"line":17,"column":3}},"loc":{"start":{"line":17,"column":29},"end":{"line":27,"column":3}},"line":17},"2":{"name":"(anonymous_2)","decl":{"start":{"line":30,"column":2},"end":{"line":30,"column":3}},"loc":{"start":{"line":30,"column":54},"end":{"line":47,"column":3}},"line":30},"3":{"name":"(anonymous_3)","decl":{"start":{"line":50,"column":2},"end":{"line":50,"column":3}},"loc":{"start":{"line":50,"column":27},"end":{"line":56,"column":3}},"line":50}},"branchMap":{"0":{"loc":{"start":{"line":17,"column":16},"end":{"line":17,"column":27}},"type":"default-arg","locations":[{"start":{"line":17,"column":24},"end":{"line":17,"column":27}}],"line":17},"1":{"loc":{"start":{"line":30,"column":40},"end":{"line":30,"column":52}},"type":"default-arg","locations":[{"start":{"line":30,"column":51},"end":{"line":30,"column":52}}],"line":30}},"s":{"0":1,"1":1,"2":1,"3":1,"4":1,"5":1,"6":1,"7":1,"8":0,"9":0,"10":1},"f":{"0":1,"1":1,"2":1,"3":0},"b":{"0":[1],"1":[0]},"_coverageSchema":"1a1c01bbd47fc00a2c39e90264f33305004495a9","hash":"1f28297a6833fc1f88f2a2870610b860dd8d4f9b"}
,"/Users/sakshammishra/Hydromesh/backend/src/models/user.model.js": {"path":"/Users/sakshammishra/Hydromesh/backend/src/models/user.model.js","statementMap":{"0":{"start":{"line":1,"column":18},"end":{"line":1,"column":47}},"1":{"start":{"line":2,"column":15},"end":{"line":2,"column":34}},"2":{"start":{"line":4,"column":13},"end":{"line":39,"column":1}},"3":{"start":{"line":7,"column":27},"end":{"line":7,"column":58}},"4":{"start":{"line":8,"column":19},"end":{"line":13,"column":5}},"5":{"start":{"line":14,"column":4},"end":{"line":14,"column":26}},"6":{"start":{"line":19,"column":19},"end":{"line":22,"column":5}},"7":{"start":{"line":23,"column":4},"end":{"line":23,"column":26}},"8":{"start":{"line":28,"column":19},"end":{"line":31,"column":5}},"9":{"start":{"line":32,"column":4},"end":{"line":32,"column":26}},"10":{"start":{"line":37,"column":4},"end":{"line":37,"column":57}},"11":{"start":{"line":41,"column":0},"end":{"line":41,"column":22}}},"fnMap":{"0":{"name":"(anonymous_0)","decl":{"start":{"line":6,"column":2},"end":{"line":6,"column":3}},"loc":{"start":{"line":6,"column":74},"end":{"line":15,"column":3}},"line":6},"1":{"name":"(anonymous_1)","decl":{"start":{"line":18,"column":2},"end":{"line":18,"column":3}},"loc":{"start":{"line":18,"column":27},"end":{"line":24,"column":3}},"line":18},"2":{"name":"(anonymous_2)","decl":{"start":{"line":27,"column":2},"end":{"line":27,"column":3}},"loc":{"start":{"line":27,"column":25},"end":{"line":33,"column":3}},"line":27},"3":{"name":"(anonymous_3)","decl":{"start":{"line":36,"column":2},"end":{"line":36,"column":3}},"loc":{"start":{"line":36,"column":54},"end":{"line":38,"column":3}},"line":36}},"branchMap":{"0":{"loc":{"start":{"line":6,"column":40},"end":{"line":6,"column":56}},"type":"default-arg","locations":[{"start":{"line":6,"column":47},"end":{"line":6,"column":56}}],"line":6},"1":{"loc":{"start":{"line":6,"column":58},"end":{"line":6,"column":70}},"type":"default-arg","locations":[{"start":{"line":6,"column":66},"end":{"line":6,"column":70}}],"line":6}},"s":{"0":1,"1":1,"2":1,"3":0,"4":0,"5":0,"6":2,"7":2,"8":1,"9":1,"10":0,"11":1},"f":{"0":0,"1":2,"2":1,"3":0},"b":{"0":[0],"1":[0]},"_coverageSchema":"1a1c01bbd47fc00a2c39e90264f33305004495a9","hash":"589341b0a4f384e998f546cb8a09fd5159cdc377"}
}
